<?xml version="1.0" encoding="UTF-8" ?>
<testsuites errors="1"
            failures="1"
            tests="2">

  <testsuite name="homePageTest"
    errors="1" failures="1" hostname="" id="" package="homePageTest" skipped="0"
    tests="2" time="75.08" timestamp="">
  
    <testcase name="Search for a product and ensure it returns relevant results." classname="homePageTest" time="19.93" assertions="3">

    

      <failure message="Timed out while waiting for element &lt;input[type=&#34;search&#34;]&gt; to be present for 500 milliseconds. - expected &#34;visible&#34; but got: &#34;not found&#34; (621ms)">    at Page.typeSearch (C:\Knix\nightwatch\page-objects\homePO.js:26:20)
    at DescribeInstance.&lt;anonymous&gt; (C:\Knix\test\homePageTest.js:15:25)</failure>
<system-out>[[ATTACHMENT|C:\Knix\screens\homePageTest\Search-for-a-product-and-ensure-it-returns-relevant-results._FAILED_Feb-14-2025-234506-GMT-0500.png]]</system-out>
    
    <error message="Timed out while waiting for element &lt;input[type=&#34;search&#34;]&gt; to be present for 500 milliseconds. - expected [32m&#34;visible&#34;[39m but got: [31m&#34;not found&#34;[39m [90m(621ms)[39m" type="error"><![CDATA[
    Error
    at Command.executeCommand (C:\Knix\node_modules\nightwatch\lib\page-object\command-wrapper.js:281:22)
    at Page.waitForElementVisible (C:\Knix\node_modules\nightwatch\lib\page-object\command-wrapper.js:86:27)
    at Page.typeSearch (C:\Knix\nightwatch\page-objects\homePO.js:26:20)
    at DescribeInstance.&lt;anonymous&gt; (C:\Knix\test\homePageTest.js:15:25)
    at process.processTicksAndRejections (node:internal/process/task_queues:95:5)
    ]]></error>
    
    </testcase>
  

  
    <system-err>
       TimeoutError
   An error occurred while running .click() command on &lt;Element [name=@btnSearch]&gt;: element click intercepted: Element &lt;button type=&#34;search&#34; name=&#34;q&#34; autocomplete=&#34;off&#34; class=&#34;text-knix_emperor border-none text-base md:text-xs h-[34px] bg-transparent appearance-none !text-left pr-[37px] placeholder-current focus:border-transparent focus:ring-0 w-full&#34;&gt;...&lt;/button&gt; is not clickable at point (1640, 76). Other element would receive the click: &lt;div class=&#34;spicegems_cr_modal fade in&#34; id=&#34;sg_country_redirect_mod&#34; tabindex=&#34;-1&#34; role=&#34;dialog&#34; data-keyboard=&#34;false&#34; data-backdrop=&#34;static&#34; aria-labelledby=&#34;myModalLabel&#34; aria-hidden=&#34;true&#34; style=&#34;display: block; padding-right: 0px;&#34;&gt;...&lt;/div&gt;
  (Session info: chrome=133.0.6943.99)
    {&#34;error&#34;:{&#34;name&#34;:&#34;ElementClickInterceptedError&#34;,&#34;remoteStacktrace&#34;:&#34;&#34;},&#34;status&#34;:-1,&#34;value&#34;:null}

    Error location:
    C:\Knix\test\homePageTest.js:14
    ––––––––––––––––––––––––––––––
     12 | 
     13 |   it(&#34;Search for a product and ensure it returns relevant results.&#34;, async (browser) =&gt; {
     14 |     await this.homepage.clickSearchButton(); 
     15 |     await this.homepage.typeSearch(&#39;High Rise&#39;);
     16 |     this.homepage.expect.elements(&#39;@txtEachProdDesc&#39;).text.to.contain(&#34;High Rise&#34;);
    ––––––––––––––––––––––––––––––

    </system-err>
  

    

  
  </testsuite>
</testsuites>
