<?xml version="1.0" encoding="UTF-8" ?>
<testsuites errors="0"
            failures="1"
            tests="1">

  <testsuite name="basic.ecosia"
    errors="0" failures="1" hostname="" id="" package="basic" skipped="0"
    tests="1" time="20.73" timestamp="">
  
    <testcase name="Demo test ecosia.org" classname="basic.ecosia" time="9.310" assertions="5">

    

    

    

      <failure message="Testing if element &lt;.layout__content&gt; contains text &#39;Nightwatch.js&#39; in 5000ms - expected &#34;contains text &#39;Nightwatch.js&#39;&#34; but got: &#34;does not contain &#39;Nightwatch.js&#39;&#34; (5568ms)">    at DescribeInstance.&lt;anonymous&gt; (C:\Knix\nightwatch\examples\basic\ecosia.js:12:15)</failure>
<system-out>[[ATTACHMENT|C:\Knix\screens\basic\ecosia\Demo-test-ecosia.org_FAILED_Feb-14-2025-160016-GMT-0500.png]]</system-out>
    
    </testcase>
  

  

    

  
  </testsuite>
</testsuites>
